{
  "RSpec": {
    "coverage": {
      "/Users/Guest/Desktop/record-store-rails-tae/spec/controllers/sessions_controller_spec.rb": [
        1,
        null,
        1,
        null,
        null
      ],
      "/Users/Guest/Desktop/record-store-rails-tae/spec/rails_helper.rb": [
        null,
        1,
        1,
        1,
        null,
        1,
        1,
        1,
        null,
        null,
        null,
        null,
        null,
        null,
        null,
        null,
        null,
        null,
        null,
        null,
        null,
        null,
        null,
        null,
        null,
        null,
        null,
        1,
        1,
        null,
        0,
        0,
        null,
        1,
        null,
        1,
        null,
        null,
        null,
        null,
        1,
        null,
        null,
        null,
        null,
        null,
        null,
        null,
        null,
        null,
        null,
        null,
        null,
        null,
        null,
        1,
        null,
        null,
        1,
        null,
        null,
        null,
        1,
        1,
        1,
        1,
        null,
        null,
        null,
        null
      ],
      "/Users/Guest/Desktop/record-store-rails-tae/config/environment.rb": [
        null,
        1,
        null,
        null,
        1
      ],
      "/Users/Guest/Desktop/record-store-rails-tae/config/application.rb": [
        1,
        null,
        1,
        null,
        1,
        1,
        1,
        1,
        1,
        1,
        1,
        1,
        1,
        null,
        null,
        null,
        null,
        1,
        null,
        1,
        1,
        null,
        1,
        null,
        null,
        null,
        null,
        null,
        null,
        null,
        1,
        null,
        null
      ],
      "/Users/Guest/Desktop/record-store-rails-tae/config/boot.rb": [
        1,
        null,
        1,
        null
      ],
      "/Users/Guest/Desktop/record-store-rails-tae/config/environments/test.rb": [
        1,
        null,
        null,
        null,
        null,
        null,
        null,
        1,
        null,
        null,
        null,
        null,
        1,
        null,
        null,
        1,
        1,
        null,
        null,
        null,
        null,
        1,
        1,
        null,
        null,
        1,
        null,
        null,
        1,
        null,
        null,
        1,
        null,
        1,
        null,
        null,
        null,
        null,
        1,
        null,
        null,
        1,
        null,
        null,
        null,
        null
      ],
      "/Users/Guest/Desktop/record-store-rails-tae/config/initializers/application_controller_renderer.rb": [
        null,
        null,
        null,
        null,
        null,
        null,
        null,
        null
      ],
      "/Users/Guest/Desktop/record-store-rails-tae/config/initializers/assets.rb": [
        null,
        null,
        null,
        1,
        null,
        null,
        null,
        null,
        1,
        null,
        null,
        null,
        null,
        null
      ],
      "/Users/Guest/Desktop/record-store-rails-tae/config/initializers/backtrace_silencers.rb": [
        null,
        null,
        null,
        null,
        null,
        null,
        null
      ],
      "/Users/Guest/Desktop/record-store-rails-tae/config/initializers/content_security_policy.rb": [
        null,
        null,
        null,
        null,
        null,
        null,
        null,
        null,
        null,
        null,
        null,
        null,
        null,
        null,
        null,
        null,
        null,
        null,
        null,
        null,
        null,
        null,
        null,
        null,
        null
      ],
      "/Users/Guest/Desktop/record-store-rails-tae/config/initializers/cookies_serializer.rb": [
        null,
        null,
        null,
        null,
        1
      ],
      "/Users/Guest/Desktop/record-store-rails-tae/config/initializers/filter_parameter_logging.rb": [
        null,
        null,
        null,
        1
      ],
      "/Users/Guest/Desktop/record-store-rails-tae/config/initializers/inflections.rb": [
        null,
        null,
        null,
        null,
        null,
        null,
        null,
        null,
        null,
        null,
        null,
        null,
        null,
        null,
        null,
        null
      ],
      "/Users/Guest/Desktop/record-store-rails-tae/config/initializers/mime_types.rb": [
        null,
        null,
        null,
        null
      ],
      "/Users/Guest/Desktop/record-store-rails-tae/config/initializers/wrap_parameters.rb": [
        null,
        null,
        null,
        null,
        null,
        null,
        1,
        2,
        null,
        null,
        null,
        null,
        null,
        null
      ],
      "/Users/Guest/Desktop/record-store-rails-tae/spec/factories.rb": [
        null,
        null,
        null,
        null,
        null
      ],
      "/Users/Guest/Desktop/record-store-rails-tae/app/channels/application_cable/channel.rb": [
        1,
        1,
        null,
        null
      ],
      "/Users/Guest/Desktop/record-store-rails-tae/app/channels/application_cable/connection.rb": [
        1,
        1,
        null,
        null
      ],
      "/Users/Guest/Desktop/record-store-rails-tae/app/controllers/albums_controller.rb": [
        1,
        1,
        1,
        3,
        3,
        null,
        null,
        1,
        0,
        0,
        null,
        null,
        1,
        0,
        0,
        0,
        0,
        null,
        0,
        null,
        null,
        null,
        1,
        0,
        0,
        0,
        null,
        null,
        1,
        0,
        0,
        null,
        null,
        1,
        0,
        0,
        0,
        0,
        null,
        0,
        null,
        null,
        null,
        1,
        0,
        0,
        0,
        0,
        null,
        null,
        1,
        1,
        0,
        null,
        null,
        null
      ],
      "/Users/Guest/Desktop/record-store-rails-tae/app/controllers/application_controller.rb": [
        1,
        1,
        1,
        null,
        1,
        5,
        0,
        null,
        null,
        null,
        1,
        2,
        2,
        2,
        null,
        null,
        null
      ],
      "/Users/Guest/Desktop/record-store-rails-tae/app/helpers/application_helper.rb": [
        1,
        null
      ],
      "/Users/Guest/Desktop/record-store-rails-tae/app/helpers/sessions_helper.rb": [
        1,
        null
      ],
      "/Users/Guest/Desktop/record-store-rails-tae/app/helpers/users_helper.rb": [
        1,
        null
      ],
      "/Users/Guest/Desktop/record-store-rails-tae/app/controllers/sessions_controller.rb": [
        1,
        1,
        0,
        0,
        0,
        0,
        0,
        null,
        0,
        0,
        null,
        null,
        null,
        1,
        0,
        0,
        0,
        null,
        null
      ],
      "/Users/Guest/Desktop/record-store-rails-tae/app/controllers/songs_controller.rb": [
        1,
        null,
        1,
        0,
        0,
        null,
        null,
        1,
        0,
        0,
        0,
        null,
        null,
        1,
        0,
        0,
        0,
        0,
        0,
        null,
        0,
        null,
        null,
        null,
        1,
        0,
        0,
        0,
        0,
        null,
        null,
        1,
        0,
        0,
        null,
        null,
        1,
        0,
        0,
        0,
        0,
        null,
        0,
        null,
        null,
        null,
        1,
        0,
        0,
        0,
        0,
        null,
        null,
        1,
        0,
        0,
        0,
        null,
        null,
        1,
        1,
        0,
        null,
        null,
        null
      ],
      "/Users/Guest/Desktop/record-store-rails-tae/app/controllers/users_controller.rb": [
        1,
        1,
        0,
        null,
        null,
        1,
        0,
        0,
        0,
        0,
        0,
        null,
        0,
        0,
        null,
        null,
        null,
        1,
        null,
        1,
        0,
        null,
        null
      ],
      "/Users/Guest/Desktop/record-store-rails-tae/app/jobs/application_job.rb": [
        1,
        null
      ],
      "/Users/Guest/Desktop/record-store-rails-tae/app/mailers/application_mailer.rb": [
        1,
        1,
        1,
        null
      ],
      "/Users/Guest/Desktop/record-store-rails-tae/app/models/album.rb": [
        1,
        1,
        1,
        1,
        1,
        1,
        null,
        1,
        1,
        1,
        1,
        null,
        null,
        null
      ],
      "/Users/Guest/Desktop/record-store-rails-tae/app/models/application_record.rb": [
        1,
        1,
        null
      ],
      "/Users/Guest/Desktop/record-store-rails-tae/app/models/album_artist.rb": [
        1,
        1,
        1,
        null
      ],
      "/Users/Guest/Desktop/record-store-rails-tae/app/models/artist.rb": [
        1,
        1,
        1,
        null
      ],
      "/Users/Guest/Desktop/record-store-rails-tae/app/models/song.rb": [
        1,
        1,
        null,
        null
      ],
      "/Users/Guest/Desktop/record-store-rails-tae/app/models/user.rb": [
        1,
        1,
        1,
        1,
        1,
        null,
        1,
        0,
        0,
        null,
        null,
        1,
        0,
        0,
        0,
        null,
        null,
        null,
        null,
        null
      ],
      "/Users/Guest/Desktop/record-store-rails-tae/config/routes.rb": [
        1,
        1,
        1,
        1,
        null,
        1,
        1,
        null,
        1,
        1,
        1,
        null
      ],
      "/Users/Guest/Desktop/record-store-rails-tae/spec/controllers/users_controller_spec.rb": [
        1,
        null,
        1,
        null,
        null
      ],
      "/Users/Guest/Desktop/record-store-rails-tae/spec/features/add_album_pages_spec.rb": [
        1,
        null,
        1,
        1,
        1,
        1,
        1,
        0,
        0,
        0,
        0,
        null,
        null,
        1,
        1,
        1,
        0,
        null,
        null
      ],
      "/Users/Guest/Desktop/record-store-rails-tae/spec/helpers/sessions_helper_spec.rb": [
        1,
        null,
        null,
        null,
        null,
        null,
        null,
        null,
        null,
        null,
        null,
        null,
        1,
        1,
        null
      ],
      "/Users/Guest/Desktop/record-store-rails-tae/spec/helpers/users_helper_spec.rb": [
        1,
        null,
        null,
        null,
        null,
        null,
        null,
        null,
        null,
        null,
        null,
        null,
        1,
        1,
        null
      ],
      "/Users/Guest/Desktop/record-store-rails-tae/spec/models/album_artist_spec.rb": [
        1,
        null,
        1,
        2,
        2,
        null
      ],
      "/Users/Guest/Desktop/record-store-rails-tae/spec/models/album_spec.rb": [
        1,
        null,
        1,
        2,
        2,
        2,
        null,
        1,
        1,
        1,
        null,
        2,
        null
      ],
      "/Users/Guest/Desktop/record-store-rails-tae/spec/models/artist_spec.rb": [
        1,
        2,
        null
      ],
      "/Users/Guest/Desktop/record-store-rails-tae/spec/models/song_spec.rb": [
        1,
        null,
        1,
        2,
        null
      ]
    },
    "timestamp": 1565631685
  }
}
